<?xml version="1.0" encoding="UTF-8"?>
<!-- Generated by org.testng.reporters.JUnitReportReporter -->
<testsuite hostname="ANCHAL-DWIVEDI" failures="0" tests="1" name="Testcases.Testcase1" time="27.316" errors="0" timestamp="2022-05-14T08:03:12 MMT" skipped="0">
  <testcase classname="Testcases.Testcase1" name="test1" time="27.316"/>
  <system-out/>
</testsuite> <!-- Testcases.Testcase1 -->
