<?xml version="1.0" encoding="UTF-8"?>
<!-- Generated by org.testng.reporters.JUnitReportReporter -->
<testsuite skipped="0" hostname="LAPTOP-DQT0UD1I" name="Testcases.Testcase7" tests="1" failures="0" timestamp="09 May 2022 10:49:44 GMT" time="58.251" errors="0">
  <testcase name="test2" time="58.251" classname="Testcases.Testcase7"/>
</testsuite> <!-- Testcases.Testcase7 -->
