<?xml version="1.0" encoding="UTF-8"?>
<!-- Generated by org.testng.reporters.JUnitReportReporter -->
<testsuite skipped="0" hostname="LAPTOP-DQT0UD1I" name="Testcases.Testcase2" tests="1" failures="0" timestamp="29 Apr 2022 12:16:27 GMT" time="18.217" errors="0">
  <testcase name="TC4" time="18.217" classname="Testcases.Testcase2"/>
</testsuite> <!-- Testcases.Testcase2 -->
