<?xml version="1.0" encoding="UTF-8"?>
<!-- Generated by org.testng.reporters.JUnitReportReporter -->
<testsuite skipped="0" hostname="LAPTOP-DQT0UD1I" name="Testcases.Testcase9" tests="1" failures="0" timestamp="09 May 2022 10:49:44 GMT" time="35.065" errors="0">
  <testcase name="test3" time="35.065" classname="Testcases.Testcase9"/>
</testsuite> <!-- Testcases.Testcase9 -->
