<?xml version="1.0" encoding="UTF-8"?>
<!-- Generated by org.testng.reporters.JUnitReportReporter -->
<testsuite skipped="0" hostname="LAPTOP-DQT0UD1I" name="Testcases.Testcase1" tests="1" failures="0" timestamp="09 May 2022 10:49:44 GMT" time="34.328" errors="0">
  <testcase name="test1" time="34.328" classname="Testcases.Testcase1"/>
</testsuite> <!-- Testcases.Testcase1 -->
